PC版
~02/07 ver.1.0.0  :化合物97種類、設定画面、その他ゲームに関する実装もろもろ
02/07  ver.1.0.1  :化合物3種類（次亜塩素酸ナトリウム、クロロホルム、エタノール）を追加、スマホ画面用の設定画面
02/07  ver.1.0.2  :山札の元素の割合の変更（H*15,O*10,C*10 → H*5,O*3,C*3）
02/08  ver.1.0.3  :化合物1種類（炭化ナトリウム）を削除
02/08  ver.1.0.4  :9つのカードを使用する化合物のポイントをさらに高く
02/08  ver.1.0.5  :山札の元素の割合の変更（H*5,O*3,C*3 → H*6,O*4,C*4）
02/08  ver.1.0.6  :化合物のポイント調整（エタン、65→100）
02/08  ver.1.1.0  :問い合わせ用のGoogleフォームを作成
02/08  ver.1.1.1  :設定画面の修正
02/08  ver.1.2.0  :ゲームルールボタンの追加、レート機能の削除、AI.jsとの連携の削除、スタート画面の画像の変更
02/08  ver.1.2.1  :drop_areaのleftを変更（200px→10%）、ゲームルールボタンをゲーム中非表示に
02/08  ver.1.2.2  :キャンセル→取消に変更
02/09  ver.1.2.3  :「次のゲーム」ボタンを押すとラウンドが終了するバグを修正（イベントを削除）。問い合わせの文字の大きさを修正
02/09  ver.1.2.4  :化合物3種類（アセチレン、水素化カリウム、水素化マグネシウム）を追加
02/09  ver.1.2.5  :ルールの説明を変更
02/11  ver.1.2.6  :画像のプリリロードの実装、画像形式をPNG・JPGからWebPに変更。
02/11  ver.1.2.7  :読み込み済みの物質・画像を利用
02/11  ver.1.2.8  :相手の手札に手札通りにaltが設定されていたので変更、メタディスクリプションを設定
02/11  ver.1.2.9  :ゲームルールの表示方法をアラートからモーダルへ変更
02/11  ver.1.2.10 :マルチタップを可能に変更

GitHub版
02/08  ver.1.0.0  :PC版ver.1.1.1を公開
02/08  ver.1.0.1  :PC版ver.1.2.0を公開
02/08  ver.1.0.2  :PC版ver.1.2.2を公開
02/09  ver.1.0.3  :PC版ver.1.2.3を公開
02/09  ver.1.0.4  :PC版ver.1.2.4を公開
02/11  ver.1.0.5  :PC版ver.1.2.6を公開
02/11  ver.1.0.6  :PC版ver.1.2.8を公開
02/11  ver.1.0.7  :PC版ver.1.2.9を公開